DATE:2019-03-09 21:45:02.763217
CODE:0
HOST:www.libs.loc
TYPE:toto
FILE:D:\Softwares\Laragon\www\libs\ErrorHandler\example\index.php:27
MSG:test
>_______________<
DATE:2019-03-09 21:45:03.013455
CODE:0
HOST:www.libs.loc
TYPE:toto
FILE:D:\Softwares\Laragon\www\libs\ErrorHandler\example\index.php:27
MSG:test
>_______________<
DATE:2019-03-09 21:45:03.197153
CODE:0
HOST:www.libs.loc
TYPE:toto
FILE:D:\Softwares\Laragon\www\libs\ErrorHandler\example\index.php:27
MSG:test
>_______________<
DATE:2019-03-09 21:45:03.351771
CODE:0
HOST:www.libs.loc
TYPE:toto
FILE:D:\Softwares\Laragon\www\libs\ErrorHandler\example\index.php:27
MSG:test
>_______________<
DATE:2019-03-09 21:45:03.715653
CODE:0
HOST:www.libs.loc
TYPE:toto
FILE:D:\Softwares\Laragon\www\libs\ErrorHandler\example\index.php:27
MSG:test
>_______________<
